2026-01-22 16:12:09.819 | ERROR    | __main__:<module>:79 - Failed to load WeasyPrint dependencies: cannot load library 'C:\Program Files\GTK3-Runtime Win64\bin\libgobject-2.0-0.dll': error 0xc1
2026-01-22 16:12:09.820 | ERROR    | __main__:<module>:81 - Please ensure GTK3 Runtime is installed and matches Python architecture (32/64 bit).
2026-01-22 17:22:46.753 | INFO     | __main__:<module>:680 - Processing /Users/olivergaser/Documents/source/eml_converter/eml/duve.eml -> /Users/olivergaser/Documents/source/eml_converter/eml/duve.pdf
2026-01-22 17:22:46.772 | INFO     | __main__:process_eml:371 - Downloading and embedding: https://cdn02.plentymarkets.com/1uhhwrw3t0hr/frontend/E-Mail-Templates/Header/logo_-_Qualitaet_trifft_geschmack_seit_1904__1_.png
2026-01-22 17:22:46.878 | INFO     | __main__:process_eml:371 - Downloading and embedding: https://cdn02.plentymarkets.com/1uhhwrw3t0hr/frontend/E-Mail-Templates/Header/logo_-_Qualitaet_trifft_geschmack_seit_1904__1_.png
2026-01-22 17:22:46.971 | INFO     | __main__:process_eml:371 - Downloading and embedding: https://cdn02.plentymarkets.com/1uhhwrw3t0hr/frontend/E-Mail-Templates/Footer/instagram-icon.png
2026-01-22 17:22:47.093 | INFO     | __main__:process_eml:371 - Downloading and embedding: https://cdn02.plentymarkets.com/1uhhwrw3t0hr/frontend/E-Mail-Templates/Footer/facebook-icon.png
2026-01-22 17:22:47.234 | INFO     | __main__:process_eml:371 - Downloading and embedding: https://xtldfsn0.r.eu-central-1.awstrack.me/I0/0107019bc5ec78ac-b2497723-02a9-4d47-85f0-f0ff895dddf2-000000/PZo8WaKpVKggpMsO126fn05ovRk=242
2026-01-22 17:22:47.711 | INFO     | __main__:process_eml:491 - Attachment invoice_2026-976046_2026-01-16.pdf: Detected MIME=application/pdf, Extension=.pdf
2026-01-22 17:22:47.909 | INFO     | __main__:process_eml:571 - Successfully created PDF at /Users/olivergaser/Documents/source/eml_converter/eml/duve.pdf
2026-01-22 17:22:48.188 | INFO     | __main__:<module>:680 - Processing /Users/olivergaser/Documents/source/eml_converter/eml/mediamarkt.eml -> /Users/olivergaser/Documents/source/eml_converter/eml/mediamarkt.pdf
2026-01-22 17:22:48.198 | INFO     | __main__:process_eml:371 - Downloading and embedding: https://service-mm.mediamarkt.de/pub/as?_ri_=X0Gzc2X%3DBQjkPkSSRQG4gPXecH2b5pYgkflzdNuFUuXmMzcXXFrzeSFyj7umjm74Lyu1zabXODu5yizgcAeX4fzc6fVXHkMX%3Dw&_ei_=EUlaGGF4SNMvxFF7KucKuWMVJ9lkBSGOCUP8ppk5tHLMAWe4uFcz0kTz5TCgaaL0N-SJh5IjShRrY0yNSg-ylL3cr5UFamTXcZ0UvGcIdd29jS3Yh65lkZlPpEEYFbbpkQ2UL9fCVF0pqmOiXGA.&_di_=n4irulgcbv5dk6iv7ksod1oqa9ot6lrl03rlsdpm4pb5eh9scmag
2026-01-22 17:22:48.326 | INFO     | __main__:process_eml:371 - Downloading and embedding: https://tags.bluekai.com/site/89858?e_id_s89858=03b34d4dcb49dfb32bb23ff691670c80dfa63ca72671a227eeac9171dcb3a7f4&e_id_m89858=a1b8c3e982d488d8ac5be2c29cad6a03
2026-01-22 17:22:48.336 | WARNING  | __main__:process_eml:378 - Failed to embed image https://tags.bluekai.com/site/89858?e_id_s89858=03b34d4dcb49dfb32bb23ff691670c80dfa63ca72671a227eeac9171dcb3a7f4&e_id_m89858=a1b8c3e982d488d8ac5be2c29cad6a03: <urlopen error [Errno 8] nodename nor servname provided, or not known>
2026-01-22 17:22:48.336 | INFO     | __main__:process_eml:371 - Downloading and embedding: https://service-mm.mediamarkt.de/assets/responsysimages/mediasatu/contentlibrary/!blocks/images/1loy_rebrand-logo_mms_excl-half_660x202.png
2026-01-22 17:22:48.381 | INFO     | __main__:process_eml:371 - Downloading and embedding: https://service-mm.mediamarkt.de/assets/responsysimages/mediasatu/contentlibrary/!blocks/images/1loy_rebrand-logo_mms-center_excl-half_660x202.png
2026-01-22 17:22:48.429 | INFO     | __main__:process_eml:371 - Downloading and embedding: https://service-mm.mediamarkt.de/assets/responsysimages/mediasatu/contentlibrary/!blocks/images/rebrand-logo_mymediamarkt_660x202.png
2026-01-22 17:22:48.474 | INFO     | __main__:process_eml:371 - Downloading and embedding: https://service-mm.mediamarkt.de/assets/responsysimages/mediasatu/contentlibrary/!blocks/images/rebrand-logo_mymediamarkt_660x100.png
2026-01-22 17:22:51.348 | INFO     | __main__:process_eml:571 - Successfully created PDF at /Users/olivergaser/Documents/source/eml_converter/eml/mediamarkt.pdf
2026-01-22 17:22:51.638 | INFO     | __main__:<module>:680 - Processing /Users/olivergaser/Documents/source/eml_converter/eml/steam.eml -> /Users/olivergaser/Documents/source/eml_converter/eml/steam.pdf
2026-01-22 17:22:51.650 | INFO     | __main__:process_eml:371 - Downloading and embedding: https://store.fastly.steamstatic.com/public/shared/images/email/logo.png
2026-01-22 17:22:51.722 | INFO     | __main__:process_eml:371 - Downloading and embedding: https://shared.fastly.steamstatic.com/store_item_assets/steam/apps/2060130/capsule_616x353.jpg?t=1711536318
2026-01-22 17:22:51.810 | INFO     | __main__:process_eml:371 - Downloading and embedding: https://shared.fastly.steamstatic.com/store_item_assets/steam/apps/550590/capsule_616x353.jpg?t=1739824314
2026-01-22 17:22:51.888 | INFO     | __main__:process_eml:371 - Downloading and embedding: https://store.fastly.steamstatic.com/public/shared/images/email/logo_footer.png
2026-01-22 17:22:51.949 | INFO     | __main__:process_eml:371 - Downloading and embedding: https://store.fastly.steamstatic.com/public/shared/images/email/logo_valve.jpg
2026-01-22 17:22:52.009 | INFO     | __main__:process_eml:371 - Downloading and embedding: https://cdn.fastly.steamstatic.com/store/email/general/ico_x.png
2026-01-22 17:22:52.450 | INFO     | __main__:process_eml:571 - Successfully created PDF at /Users/olivergaser/Documents/source/eml_converter/eml/steam.pdf
2026-01-22 17:22:52.727 | INFO     | __main__:<module>:680 - Processing /Users/olivergaser/Documents/source/eml_converter/eml/ugreen.eml -> /Users/olivergaser/Documents/source/eml_converter/eml/ugreen.pdf
2026-01-22 17:22:52.743 | INFO     | __main__:process_eml:371 - Downloading and embedding: https://www.amazon.de/gp/r.html?C=37CGT2IUX1PHV&K=RLHQAIDC3CTM&M=urn:rtn:msg:202601170959551e7fa434c03144db9271aad48b90p0eu&R=3GJP78PK8T9TX&T=O&U=https%3A%2F%2Fimages-eu.ssl-images-amazon.com%2Fimages%2FG%2F01%2Fnav%2Ftransp.gif&H=YMPPXMAARF6FFIYAQVE6RDWK788A&ref_=pe_111929571_1111661321_opens
2026-01-22 17:22:53.048 | INFO     | __main__:process_eml:371 - Downloading and embedding: https://m.media-amazon.com/images/G/01/outbound/etc/steptracker-checkmark._CB552848383_.png
2026-01-22 17:22:53.114 | INFO     | __main__:process_eml:371 - Downloading and embedding: https://m.media-amazon.com/images/G/01/outbound/etc/pixel.gif
2026-01-22 17:22:53.176 | INFO     | __main__:process_eml:371 - Downloading and embedding: https://m.media-amazon.com/images/G/01/outbound/etc/pixel.gif
2026-01-22 17:22:53.238 | INFO     | __main__:process_eml:371 - Downloading and embedding: https://m.media-amazon.com/images/G/01/outbound/etc/pixel.gif
2026-01-22 17:22:53.298 | INFO     | __main__:process_eml:371 - Downloading and embedding: https://m.media-amazon.com/images/I/61xrJh7jsHL._SS90_.jpg
2026-01-22 17:22:53.365 | INFO     | __main__:process_eml:387 - Fixing Amazon Product Image: https://m.media-amazon.com/images/I/61xrJh7jsHL._SS90_.jpg
2026-01-22 17:22:53.365 | INFO     | __main__:process_eml:371 - Downloading and embedding: https://m.media-amazon.com/images/G/01/outbound/OutboundTemplates/Smile_Logo_Light._BG240,242,242_.png
2026-01-22 17:22:53.431 | INFO     | __main__:process_eml:371 - Downloading and embedding: https://m.media-amazon.com/images/G/01/outbound/OutboundTemplates/Smile_Logo_Dark.png
2026-01-22 17:22:53.495 | INFO     | __main__:process_eml:371 - Downloading and embedding: https://www.amazon.de/gp/r.html?C=37CGT2IUX1PHV&K=RLHQAIDC3CTM&M=urn:rtn:msg:202601170959551e7fa434c03144db9271aad48b90p0eu&R=30GXWG1RP0C7G&T=E&U=https%3A%2F%2Fimages-eu.ssl-images-amazon.com%2Fimages%2FG%2F01%2Fnav%2Ftransp.gif&H=BHNMSWAHUAKALWJGC22AA1AWZTKA&ref_=pe_111929571_1111661321_open
2026-01-22 17:22:54.955 | INFO     | __main__:process_eml:571 - Successfully created PDF at /Users/olivergaser/Documents/source/eml_converter/eml/ugreen.pdf
2026-01-22 17:24:00.460 | INFO     | __main__:<module>:680 - Processing /Users/olivergaser/Documents/source/eml_converter/eml/duve.eml -> /Users/olivergaser/Documents/source/eml_converter/eml/duve.pdf
2026-01-22 17:24:00.473 | INFO     | __main__:process_eml:371 - Downloading and embedding: https://cdn02.plentymarkets.com/1uhhwrw3t0hr/frontend/E-Mail-Templates/Header/logo_-_Qualitaet_trifft_geschmack_seit_1904__1_.png
2026-01-22 17:24:00.534 | INFO     | __main__:process_eml:371 - Downloading and embedding: https://cdn02.plentymarkets.com/1uhhwrw3t0hr/frontend/E-Mail-Templates/Header/logo_-_Qualitaet_trifft_geschmack_seit_1904__1_.png
2026-01-22 17:24:00.589 | INFO     | __main__:process_eml:371 - Downloading and embedding: https://cdn02.plentymarkets.com/1uhhwrw3t0hr/frontend/E-Mail-Templates/Footer/instagram-icon.png
2026-01-22 17:24:00.651 | INFO     | __main__:process_eml:371 - Downloading and embedding: https://cdn02.plentymarkets.com/1uhhwrw3t0hr/frontend/E-Mail-Templates/Footer/facebook-icon.png
2026-01-22 17:24:00.710 | INFO     | __main__:process_eml:371 - Downloading and embedding: https://xtldfsn0.r.eu-central-1.awstrack.me/I0/0107019bc5ec78ac-b2497723-02a9-4d47-85f0-f0ff895dddf2-000000/PZo8WaKpVKggpMsO126fn05ovRk=242
2026-01-22 17:24:00.915 | INFO     | __main__:process_eml:491 - Attachment invoice_2026-976046_2026-01-16.pdf: Detected MIME=application/pdf, Extension=.pdf
2026-01-22 17:24:01.111 | INFO     | __main__:process_eml:571 - Successfully created PDF at /Users/olivergaser/Documents/source/eml_converter/eml/duve.pdf
2026-01-22 17:24:01.385 | INFO     | __main__:<module>:680 - Processing /Users/olivergaser/Documents/source/eml_converter/eml/mediamarkt.eml -> /Users/olivergaser/Documents/source/eml_converter/eml/mediamarkt.pdf
2026-01-22 17:24:01.396 | INFO     | __main__:process_eml:371 - Downloading and embedding: https://service-mm.mediamarkt.de/pub/as?_ri_=X0Gzc2X%3DBQjkPkSSRQG4gPXecH2b5pYgkflzdNuFUuXmMzcXXFrzeSFyj7umjm74Lyu1zabXODu5yizgcAeX4fzc6fVXHkMX%3Dw&_ei_=EUlaGGF4SNMvxFF7KucKuWMVJ9lkBSGOCUP8ppk5tHLMAWe4uFcz0kTz5TCgaaL0N-SJh5IjShRrY0yNSg-ylL3cr5UFamTXcZ0UvGcIdd29jS3Yh65lkZlPpEEYFbbpkQ2UL9fCVF0pqmOiXGA.&_di_=n4irulgcbv5dk6iv7ksod1oqa9ot6lrl03rlsdpm4pb5eh9scmag
2026-01-22 17:24:01.498 | INFO     | __main__:process_eml:371 - Downloading and embedding: https://tags.bluekai.com/site/89858?e_id_s89858=03b34d4dcb49dfb32bb23ff691670c80dfa63ca72671a227eeac9171dcb3a7f4&e_id_m89858=a1b8c3e982d488d8ac5be2c29cad6a03
2026-01-22 17:24:01.501 | WARNING  | __main__:process_eml:378 - Failed to embed image https://tags.bluekai.com/site/89858?e_id_s89858=03b34d4dcb49dfb32bb23ff691670c80dfa63ca72671a227eeac9171dcb3a7f4&e_id_m89858=a1b8c3e982d488d8ac5be2c29cad6a03: <urlopen error [Errno 8] nodename nor servname provided, or not known>
2026-01-22 17:24:01.501 | INFO     | __main__:process_eml:371 - Downloading and embedding: https://service-mm.mediamarkt.de/assets/responsysimages/mediasatu/contentlibrary/!blocks/images/1loy_rebrand-logo_mms_excl-half_660x202.png
2026-01-22 17:24:01.594 | INFO     | __main__:process_eml:371 - Downloading and embedding: https://service-mm.mediamarkt.de/assets/responsysimages/mediasatu/contentlibrary/!blocks/images/1loy_rebrand-logo_mms-center_excl-half_660x202.png
2026-01-22 17:24:01.648 | INFO     | __main__:process_eml:371 - Downloading and embedding: https://service-mm.mediamarkt.de/assets/responsysimages/mediasatu/contentlibrary/!blocks/images/rebrand-logo_mymediamarkt_660x202.png
2026-01-22 17:24:01.695 | INFO     | __main__:process_eml:371 - Downloading and embedding: https://service-mm.mediamarkt.de/assets/responsysimages/mediasatu/contentlibrary/!blocks/images/rebrand-logo_mymediamarkt_660x100.png
2026-01-22 17:24:04.268 | INFO     | __main__:process_eml:571 - Successfully created PDF at /Users/olivergaser/Documents/source/eml_converter/eml/mediamarkt.pdf
2026-01-22 17:24:04.545 | INFO     | __main__:<module>:680 - Processing /Users/olivergaser/Documents/source/eml_converter/eml/steam.eml -> /Users/olivergaser/Documents/source/eml_converter/eml/steam.pdf
2026-01-22 17:24:04.556 | INFO     | __main__:process_eml:371 - Downloading and embedding: https://store.fastly.steamstatic.com/public/shared/images/email/logo.png
2026-01-22 17:24:04.625 | INFO     | __main__:process_eml:371 - Downloading and embedding: https://shared.fastly.steamstatic.com/store_item_assets/steam/apps/2060130/capsule_616x353.jpg?t=1711536318
2026-01-22 17:24:04.708 | INFO     | __main__:process_eml:371 - Downloading and embedding: https://shared.fastly.steamstatic.com/store_item_assets/steam/apps/550590/capsule_616x353.jpg?t=1739824314
2026-01-22 17:24:04.782 | INFO     | __main__:process_eml:371 - Downloading and embedding: https://store.fastly.steamstatic.com/public/shared/images/email/logo_footer.png
2026-01-22 17:24:04.839 | INFO     | __main__:process_eml:371 - Downloading and embedding: https://store.fastly.steamstatic.com/public/shared/images/email/logo_valve.jpg
2026-01-22 17:24:04.896 | INFO     | __main__:process_eml:371 - Downloading and embedding: https://cdn.fastly.steamstatic.com/store/email/general/ico_x.png
2026-01-22 17:24:05.296 | INFO     | __main__:process_eml:571 - Successfully created PDF at /Users/olivergaser/Documents/source/eml_converter/eml/steam.pdf
2026-01-22 17:24:05.569 | INFO     | __main__:<module>:680 - Processing /Users/olivergaser/Documents/source/eml_converter/eml/ugreen.eml -> /Users/olivergaser/Documents/source/eml_converter/eml/ugreen.pdf
2026-01-22 17:24:05.585 | INFO     | __main__:process_eml:371 - Downloading and embedding: https://www.amazon.de/gp/r.html?C=37CGT2IUX1PHV&K=RLHQAIDC3CTM&M=urn:rtn:msg:202601170959551e7fa434c03144db9271aad48b90p0eu&R=3GJP78PK8T9TX&T=O&U=https%3A%2F%2Fimages-eu.ssl-images-amazon.com%2Fimages%2FG%2F01%2Fnav%2Ftransp.gif&H=YMPPXMAARF6FFIYAQVE6RDWK788A&ref_=pe_111929571_1111661321_opens
2026-01-22 17:24:05.813 | INFO     | __main__:process_eml:371 - Downloading and embedding: https://m.media-amazon.com/images/G/01/outbound/etc/steptracker-checkmark._CB552848383_.png
2026-01-22 17:24:05.893 | INFO     | __main__:process_eml:371 - Downloading and embedding: https://m.media-amazon.com/images/G/01/outbound/etc/pixel.gif
2026-01-22 17:24:05.964 | INFO     | __main__:process_eml:371 - Downloading and embedding: https://m.media-amazon.com/images/G/01/outbound/etc/pixel.gif
2026-01-22 17:24:06.026 | INFO     | __main__:process_eml:371 - Downloading and embedding: https://m.media-amazon.com/images/G/01/outbound/etc/pixel.gif
2026-01-22 17:24:06.089 | INFO     | __main__:process_eml:371 - Downloading and embedding: https://m.media-amazon.com/images/I/61xrJh7jsHL._SS90_.jpg
2026-01-22 17:24:06.170 | INFO     | __main__:process_eml:387 - Fixing Amazon Product Image: https://m.media-amazon.com/images/I/61xrJh7jsHL._SS90_.jpg
2026-01-22 17:24:06.170 | INFO     | __main__:process_eml:371 - Downloading and embedding: https://m.media-amazon.com/images/G/01/outbound/OutboundTemplates/Smile_Logo_Light._BG240,242,242_.png
2026-01-22 17:24:06.264 | INFO     | __main__:process_eml:371 - Downloading and embedding: https://m.media-amazon.com/images/G/01/outbound/OutboundTemplates/Smile_Logo_Dark.png
2026-01-22 17:24:06.328 | INFO     | __main__:process_eml:371 - Downloading and embedding: https://www.amazon.de/gp/r.html?C=37CGT2IUX1PHV&K=RLHQAIDC3CTM&M=urn:rtn:msg:202601170959551e7fa434c03144db9271aad48b90p0eu&R=30GXWG1RP0C7G&T=E&U=https%3A%2F%2Fimages-eu.ssl-images-amazon.com%2Fimages%2FG%2F01%2Fnav%2Ftransp.gif&H=BHNMSWAHUAKALWJGC22AA1AWZTKA&ref_=pe_111929571_1111661321_open
2026-01-22 17:24:07.872 | INFO     | __main__:process_eml:571 - Successfully created PDF at /Users/olivergaser/Documents/source/eml_converter/eml/ugreen.pdf
2026-01-22 17:24:58.377 | INFO     | __main__:<module>:680 - Processing /Users/olivergaser/Documents/source/eml_converter/eml/duve.eml -> /Users/olivergaser/Documents/source/eml_converter/eml/duve.pdf
2026-01-22 17:24:58.390 | INFO     | __main__:process_eml:371 - Downloading and embedding: https://cdn02.plentymarkets.com/1uhhwrw3t0hr/frontend/E-Mail-Templates/Header/logo_-_Qualitaet_trifft_geschmack_seit_1904__1_.png
2026-01-22 17:24:58.442 | INFO     | __main__:process_eml:371 - Downloading and embedding: https://cdn02.plentymarkets.com/1uhhwrw3t0hr/frontend/E-Mail-Templates/Header/logo_-_Qualitaet_trifft_geschmack_seit_1904__1_.png
2026-01-22 17:24:58.497 | INFO     | __main__:process_eml:371 - Downloading and embedding: https://cdn02.plentymarkets.com/1uhhwrw3t0hr/frontend/E-Mail-Templates/Footer/instagram-icon.png
2026-01-22 17:24:58.554 | INFO     | __main__:process_eml:371 - Downloading and embedding: https://cdn02.plentymarkets.com/1uhhwrw3t0hr/frontend/E-Mail-Templates/Footer/facebook-icon.png
2026-01-22 17:24:58.610 | INFO     | __main__:process_eml:371 - Downloading and embedding: https://xtldfsn0.r.eu-central-1.awstrack.me/I0/0107019bc5ec78ac-b2497723-02a9-4d47-85f0-f0ff895dddf2-000000/PZo8WaKpVKggpMsO126fn05ovRk=242
2026-01-22 17:24:58.852 | INFO     | __main__:process_eml:491 - Attachment invoice_2026-976046_2026-01-16.pdf: Detected MIME=application/pdf, Extension=.pdf
2026-01-22 17:24:59.048 | INFO     | __main__:process_eml:571 - Successfully created PDF at /Users/olivergaser/Documents/source/eml_converter/eml/duve.pdf
2026-01-22 17:24:59.319 | INFO     | __main__:<module>:680 - Processing /Users/olivergaser/Documents/source/eml_converter/eml/mediamarkt.eml -> /Users/olivergaser/Documents/source/eml_converter/eml/mediamarkt.pdf
2026-01-22 17:24:59.330 | INFO     | __main__:process_eml:371 - Downloading and embedding: https://service-mm.mediamarkt.de/pub/as?_ri_=X0Gzc2X%3DBQjkPkSSRQG4gPXecH2b5pYgkflzdNuFUuXmMzcXXFrzeSFyj7umjm74Lyu1zabXODu5yizgcAeX4fzc6fVXHkMX%3Dw&_ei_=EUlaGGF4SNMvxFF7KucKuWMVJ9lkBSGOCUP8ppk5tHLMAWe4uFcz0kTz5TCgaaL0N-SJh5IjShRrY0yNSg-ylL3cr5UFamTXcZ0UvGcIdd29jS3Yh65lkZlPpEEYFbbpkQ2UL9fCVF0pqmOiXGA.&_di_=n4irulgcbv5dk6iv7ksod1oqa9ot6lrl03rlsdpm4pb5eh9scmag
2026-01-22 17:24:59.431 | INFO     | __main__:process_eml:371 - Downloading and embedding: https://tags.bluekai.com/site/89858?e_id_s89858=03b34d4dcb49dfb32bb23ff691670c80dfa63ca72671a227eeac9171dcb3a7f4&e_id_m89858=a1b8c3e982d488d8ac5be2c29cad6a03
2026-01-22 17:24:59.446 | WARNING  | __main__:process_eml:378 - Failed to embed image https://tags.bluekai.com/site/89858?e_id_s89858=03b34d4dcb49dfb32bb23ff691670c80dfa63ca72671a227eeac9171dcb3a7f4&e_id_m89858=a1b8c3e982d488d8ac5be2c29cad6a03: <urlopen error [Errno 8] nodename nor servname provided, or not known>
2026-01-22 17:24:59.446 | INFO     | __main__:process_eml:371 - Downloading and embedding: https://service-mm.mediamarkt.de/assets/responsysimages/mediasatu/contentlibrary/!blocks/images/1loy_rebrand-logo_mms_excl-half_660x202.png
2026-01-22 17:24:59.486 | INFO     | __main__:process_eml:371 - Downloading and embedding: https://service-mm.mediamarkt.de/assets/responsysimages/mediasatu/contentlibrary/!blocks/images/1loy_rebrand-logo_mms-center_excl-half_660x202.png
2026-01-22 17:24:59.531 | INFO     | __main__:process_eml:371 - Downloading and embedding: https://service-mm.mediamarkt.de/assets/responsysimages/mediasatu/contentlibrary/!blocks/images/rebrand-logo_mymediamarkt_660x202.png
2026-01-22 17:24:59.632 | INFO     | __main__:process_eml:371 - Downloading and embedding: https://service-mm.mediamarkt.de/assets/responsysimages/mediasatu/contentlibrary/!blocks/images/rebrand-logo_mymediamarkt_660x100.png
2026-01-22 17:25:02.182 | INFO     | __main__:process_eml:571 - Successfully created PDF at /Users/olivergaser/Documents/source/eml_converter/eml/mediamarkt.pdf
2026-01-22 17:25:02.468 | INFO     | __main__:<module>:680 - Processing /Users/olivergaser/Documents/source/eml_converter/eml/steam.eml -> /Users/olivergaser/Documents/source/eml_converter/eml/steam.pdf
2026-01-22 17:25:02.479 | INFO     | __main__:process_eml:371 - Downloading and embedding: https://store.fastly.steamstatic.com/public/shared/images/email/logo.png
2026-01-22 17:25:02.549 | INFO     | __main__:process_eml:371 - Downloading and embedding: https://shared.fastly.steamstatic.com/store_item_assets/steam/apps/2060130/capsule_616x353.jpg?t=1711536318
2026-01-22 17:25:02.627 | INFO     | __main__:process_eml:371 - Downloading and embedding: https://shared.fastly.steamstatic.com/store_item_assets/steam/apps/550590/capsule_616x353.jpg?t=1739824314
2026-01-22 17:25:02.700 | INFO     | __main__:process_eml:371 - Downloading and embedding: https://store.fastly.steamstatic.com/public/shared/images/email/logo_footer.png
2026-01-22 17:25:02.758 | INFO     | __main__:process_eml:371 - Downloading and embedding: https://store.fastly.steamstatic.com/public/shared/images/email/logo_valve.jpg
2026-01-22 17:25:02.838 | INFO     | __main__:process_eml:371 - Downloading and embedding: https://cdn.fastly.steamstatic.com/store/email/general/ico_x.png
2026-01-22 17:25:03.288 | INFO     | __main__:process_eml:571 - Successfully created PDF at /Users/olivergaser/Documents/source/eml_converter/eml/steam.pdf
2026-01-22 17:25:03.565 | INFO     | __main__:<module>:680 - Processing /Users/olivergaser/Documents/source/eml_converter/eml/ugreen.eml -> /Users/olivergaser/Documents/source/eml_converter/eml/ugreen.pdf
2026-01-22 17:25:03.580 | INFO     | __main__:process_eml:371 - Downloading and embedding: https://www.amazon.de/gp/r.html?C=37CGT2IUX1PHV&K=RLHQAIDC3CTM&M=urn:rtn:msg:202601170959551e7fa434c03144db9271aad48b90p0eu&R=3GJP78PK8T9TX&T=O&U=https%3A%2F%2Fimages-eu.ssl-images-amazon.com%2Fimages%2FG%2F01%2Fnav%2Ftransp.gif&H=YMPPXMAARF6FFIYAQVE6RDWK788A&ref_=pe_111929571_1111661321_opens
2026-01-22 17:25:03.789 | INFO     | __main__:process_eml:371 - Downloading and embedding: https://m.media-amazon.com/images/G/01/outbound/etc/steptracker-checkmark._CB552848383_.png
2026-01-22 17:25:03.850 | INFO     | __main__:process_eml:371 - Downloading and embedding: https://m.media-amazon.com/images/G/01/outbound/etc/pixel.gif
2026-01-22 17:25:03.914 | INFO     | __main__:process_eml:371 - Downloading and embedding: https://m.media-amazon.com/images/G/01/outbound/etc/pixel.gif
2026-01-22 17:25:03.980 | INFO     | __main__:process_eml:371 - Downloading and embedding: https://m.media-amazon.com/images/G/01/outbound/etc/pixel.gif
2026-01-22 17:25:04.046 | INFO     | __main__:process_eml:371 - Downloading and embedding: https://m.media-amazon.com/images/I/61xrJh7jsHL._SS90_.jpg
2026-01-22 17:25:04.113 | INFO     | __main__:process_eml:387 - Fixing Amazon Product Image: https://m.media-amazon.com/images/I/61xrJh7jsHL._SS90_.jpg
2026-01-22 17:25:04.113 | INFO     | __main__:process_eml:371 - Downloading and embedding: https://m.media-amazon.com/images/G/01/outbound/OutboundTemplates/Smile_Logo_Light._BG240,242,242_.png
2026-01-22 17:25:04.178 | INFO     | __main__:process_eml:371 - Downloading and embedding: https://m.media-amazon.com/images/G/01/outbound/OutboundTemplates/Smile_Logo_Dark.png
2026-01-22 17:25:04.256 | INFO     | __main__:process_eml:371 - Downloading and embedding: https://www.amazon.de/gp/r.html?C=37CGT2IUX1PHV&K=RLHQAIDC3CTM&M=urn:rtn:msg:202601170959551e7fa434c03144db9271aad48b90p0eu&R=30GXWG1RP0C7G&T=E&U=https%3A%2F%2Fimages-eu.ssl-images-amazon.com%2Fimages%2FG%2F01%2Fnav%2Ftransp.gif&H=BHNMSWAHUAKALWJGC22AA1AWZTKA&ref_=pe_111929571_1111661321_open
2026-01-22 17:25:05.832 | INFO     | __main__:process_eml:571 - Successfully created PDF at /Users/olivergaser/Documents/source/eml_converter/eml/ugreen.pdf
